<?xml version="1.0" encoding="UTF-8"?>
<!-- Generated by org.testng.reporters.JUnitReportReporter -->
<testsuite hostname="MacBook-Pro-de-Nexmaniosis.local" name="asd.CalculatorTest" tests="2" failures="0" timestamp="14 Nov 2017 11:42:38 GMT" time="0.024" errors="0">
  <testcase name="addThree" time="0.002" classname="asd.CalculatorTest"/>
  <testcase name="add" time="0.022" classname="asd.CalculatorTest"/>
</testsuite> <!-- asd.CalculatorTest -->
