<?xml version="1.0" encoding="UTF-8"?>
<!-- Generated by org.testng.reporters.JUnitReportReporter -->
<testsuite hostname="MacBook-Pro-de-Nexmaniosis.local" name="asd.SpeakerTest" tests="1" failures="0" timestamp="14 Nov 2017 11:42:33 GMT" time="0.001" errors="0">
  <testcase name="speak" time="0.001" classname="asd.SpeakerTest"/>
</testsuite> <!-- asd.SpeakerTest -->
